<?xml version="1.0" encoding="UTF-8"?>
<testsuite xmlns:xsi="http://www.w3.org/2001/XMLSchema-instance" xsi:noNamespaceSchemaLocation="https://maven.apache.org/surefire/maven-surefire-plugin/xsd/surefire-test-report-3.0.xsd" version="3.0" name="com.revature.ServiceTests" time="0.841" tests="31" errors="0" skipped="0" failures="0">
  <properties>
[...]
</properties>
  <testcase name="WithdrawUpdateFail" classname="com.revature.ServiceTests" time="0.79">
    <system-out><![CDATA[Tried to Update Account and Failed
]]></system-out>
  </testcase>
  <testcase name="checkUserIdFail" classname="com.revature.ServiceTests" time="0.001">
    <system-out><![CDATA[Failed to Retrieve User
]]></system-out>
  </testcase>
  <testcase name="checkUsernameFail" classname="com.revature.ServiceTests" time="0.001">
    <system-out><![CDATA[Failed to Retrieve User
]]></system-out>
  </testcase>
  <testcase name="loginFail" classname="com.revature.ServiceTests" time="0.002">
    <system-out><![CDATA[Username and Password Do Not Match
]]></system-out>
  </testcase>
  <testcase name="TransferFindAccount2Fail" classname="com.revature.ServiceTests" time="0.003">
    <system-out><![CDATA[Could Not Find Account to Deposit To
]]></system-out>
  </testcase>
  <testcase name="WithdrawNegativeFail" classname="com.revature.ServiceTests" time="0">
    <system-out><![CDATA[Tried to Withdraw a Negative Amount of Money
]]></system-out>
  </testcase>
  <testcase name="TransferUpdateFail2" classname="com.revature.ServiceTests" time="0">
    <system-out><![CDATA[Tried to Update Account and Failed
]]></system-out>
  </testcase>
  <testcase name="TranserSuccess" classname="com.revature.ServiceTests" time="0.003"/>
  <testcase name="CheckAccountFail" classname="com.revature.ServiceTests" time="0.001">
    <system-out><![CDATA[Failed to Find the Account
]]></system-out>
  </testcase>
  <testcase name="WithdrawOverDrawFail" classname="com.revature.ServiceTests" time="0.001">
    <system-out><![CDATA[Tried to Withdraw More Money Than Is In Account
]]></system-out>
  </testcase>
  <testcase name="TransferUpdateFail" classname="com.revature.ServiceTests" time="0.002">
    <system-out><![CDATA[Tried to Update Account and Failed
]]></system-out>
  </testcase>
  <testcase name="getUserAccountsFail" classname="com.revature.ServiceTests" time="0.001">
    <system-out><![CDATA[Failed to Retrieve the Accounts
]]></system-out>
  </testcase>
  <testcase name="WithdrawSuccess" classname="com.revature.ServiceTests" time="0.002"/>
  <testcase name="WithdrawFindAccountFail" classname="com.revature.ServiceTests" time="0.001">
    <system-out><![CDATA[Could Not Find Account to Withdraw
]]></system-out>
  </testcase>
  <testcase name="CheckAccountSuccess" classname="com.revature.ServiceTests" time="0.001"/>
  <testcase name="TransferFindAccountFail" classname="com.revature.ServiceTests" time="0.002">
    <system-out><![CDATA[Could Not Find Account to Withdraw From
]]></system-out>
  </testcase>
  <testcase name="getAllUserFail" classname="com.revature.ServiceTests" time="0.001">
    <system-out><![CDATA[Failed to Retrieve All Users
]]></system-out>
  </testcase>
  <testcase name="DepositUpdateFail" classname="com.revature.ServiceTests" time="0.003">
    <system-out><![CDATA[Tried to Update Account and Failed
]]></system-out>
  </testcase>
  <testcase name="depostSuccess" classname="com.revature.ServiceTests" time="0"/>
  <testcase name="checkUserIdSuccess" classname="com.revature.ServiceTests" time="0"/>
  <testcase name="testReturnAllAccount" classname="com.revature.ServiceTests" time="0.001"/>
  <testcase name="SetAccountOpenIDFail" classname="com.revature.ServiceTests" time="0.002">
    <system-out><![CDATA[Failed to Find the Account
]]></system-out>
  </testcase>
  <testcase name="SetAccountOpenSuccess" classname="com.revature.ServiceTests" time="0.002"/>
  <testcase name="returnAllAccountFail" classname="com.revature.ServiceTests" time="0">
    <system-out><![CDATA[Failed to Retrieve the Accounts
]]></system-out>
  </testcase>
  <testcase name="DepositFindAccountFail" classname="com.revature.ServiceTests" time="0.001">
    <system-out><![CDATA[Could Not Find Account to Depost
]]></system-out>
  </testcase>
  <testcase name="getAllUserSuccess" classname="com.revature.ServiceTests" time="0.001"/>
  <testcase name="loginSucess" classname="com.revature.ServiceTests" time="0.002">
    <system-out><![CDATA[Login Succesful
]]></system-out>
  </testcase>
  <testcase name="TransferNegativeFail" classname="com.revature.ServiceTests" time="0">
    <system-out><![CDATA[Tried to Deposit a Negative Amount of Money
]]></system-out>
  </testcase>
  <testcase name="SetAccountOpenUpdateFail" classname="com.revature.ServiceTests" time="0.001">
    <system-out><![CDATA[Tried to Update Account and Failed
]]></system-out>
  </testcase>
  <testcase name="getUserAccountsSuccess" classname="com.revature.ServiceTests" time="0.001"/>
  <testcase name="DepositNegativeFail" classname="com.revature.ServiceTests" time="0.001">
    <system-out><![CDATA[Tried to Deposit a Negative Amount of Money
]]></system-out>
  </testcase>
</testsuite>